2025-10-28 22:38:INFO    AT utils_logger.py:105: Logging to file: C:\Users\sabri\projects\smart-store-sabri\project.log
2025-10-28 22:38:INFO    AT data_prep.py:52: Starting data preparation...
2025-10-28 22:38:INFO    AT data_prep.py:32: Reading raw data from C:\Users\sabri\projects\smart-store-sabri\data\raw\customers_data.csv.
2025-10-28 22:38:INFO    AT data_prep.py:35: customers_data.csv: loaded DataFrame with shape 201 rows x 4 cols
2025-10-28 22:38:INFO    AT data_prep.py:32: Reading raw data from C:\Users\sabri\projects\smart-store-sabri\data\raw\products_data.csv.
2025-10-28 22:38:INFO    AT data_prep.py:35: products_data.csv: loaded DataFrame with shape 100 rows x 4 cols
2025-10-28 22:38:INFO    AT data_prep.py:32: Reading raw data from C:\Users\sabri\projects\smart-store-sabri\data\raw\sales_data.csv.
2025-10-28 22:38:INFO    AT data_prep.py:35: sales_data.csv: loaded DataFrame with shape 2001 rows x 7 cols
2025-10-28 22:38:INFO    AT data_prep.py:64: Data preparation complete.
2025-11-05 19:40:INFO    AT utils_logger.py:105: Logging to file: C:\Users\sabri\projects\smart-store-sabri\project.log
2025-11-05 19:40:INFO    AT demo_module_basics.py:90: Starting demo_python() function.
2025-11-05 19:40:INFO    AT demo_module_basics.py:37: Name Python files with lowercase and underscores.
2025-11-05 19:40:INFO    AT demo_module_basics.py:38: In Python, comments start with a '#' symbol and are not executed.
2025-11-05 19:40:INFO    AT demo_module_basics.py:39: Comments can also be wrapped in triple single quotes or triple backticks.
2025-11-05 19:40:INFO    AT demo_module_basics.py:43: Variables are used to store values.
2025-11-05 19:40:INFO    AT demo_module_basics.py:44: Type hints are optional but recommended for clarity.
2025-11-05 19:40:INFO    AT demo_module_basics.py:45:   example_number = 42
2025-11-05 19:40:INFO    AT demo_module_basics.py:46:   count: int = 42
2025-11-05 19:40:INFO    AT demo_module_basics.py:47:   temp_F: float = 42.2
2025-11-05 19:40:INFO    AT demo_module_basics.py:48:   user_name: str = "Data Analyst"
2025-11-05 19:40:INFO    AT demo_module_basics.py:54: Result: example_number=42, count=42, temp_f=42.2, user_name='Data Analyst'.
2025-11-05 19:40:INFO    AT demo_module_basics.py:58: Functions in Python are blocks of reusable code.
2025-11-05 19:40:INFO    AT demo_module_basics.py:59: You can call a function by using its name followed by parentheses.
2025-11-05 19:40:INFO    AT demo_module_basics.py:60: We use f-strings to combine text and values in Python.
2025-11-05 19:40:INFO    AT demo_module_basics.py:61:   Put the 'f' immediately before the opening quote of the string text.
2025-11-05 19:40:INFO    AT demo_module_basics.py:65: Python has many built-in functions, like min(), max(), and len().
2025-11-05 19:40:INFO    AT demo_module_basics.py:70: For the list of numbers: [1, 2, 3]
2025-11-05 19:40:INFO    AT demo_module_basics.py:71:   The minimum value is min(numbers): 1
2025-11-05 19:40:INFO    AT demo_module_basics.py:72:   The maximum value is max(numbers): 3
2025-11-05 19:40:INFO    AT demo_module_basics.py:73:   The length of the list is len(numbers): 3
2025-11-05 19:40:INFO    AT demo_module_basics.py:78: In Python, indentation matters = True!
2025-11-05 19:40:INFO    AT demo_module_basics.py:79: In Python, spelling matters = True!
2025-11-05 19:40:INFO    AT demo_module_basics.py:80: In Python, uppercase/lowercase matters = True!
2025-11-05 19:40:INFO    AT demo_module_basics.py:96: Experiment with this demo script to learn the basics quickly.
2025-11-05 19:40:INFO    AT demo_module_basics.py:97: Exiting demo_python() function.
2025-11-05 19:40:INFO    AT demo_module_stats.py:98: 
STATS SUMMARY
Scores (n=7): [3.5, 4.0, 4.8, 2.9, 3.7, 4.3, 3.8]
metric                 value
----------------------------
min                     2.90
max                     4.80
mean                    3.86
stdev                   0.60

2025-11-05 19:40:INFO    AT demo_module_languages.py:45: 
Greetings Professional Analyst:
English: Hello! Welcome to Python programming.
Spanish: Hola! Bienvenido a la programación en Python.
Mandarin: 你好! 欢迎学习Python编程.
French:  Bonjour! Bienvenue à la programmation Python.
German:  Hallo! Willkommen bei der Python-Programmierung.
Telugu:  హలో! Python ప్రోగ్రామింగ్‌లోకి స్వాగతం.
Norwegian: Hei! Velkommen til Python-programmering.
2025-11-05 19:40:INFO    AT utils_logger.py:116: This is an example info message.
2025-11-05 19:40:WARNING AT utils_logger.py:117: This is an example warning message.
2025-11-05 19:40:ERROR   AT utils_logger.py:118: This is an example error message.
2025-11-05 19:40:INFO    AT utils_logger.py:116: This is an example info message.
2025-11-05 19:40:WARNING AT utils_logger.py:117: This is an example warning message.
2025-11-05 19:40:ERROR   AT utils_logger.py:118: This is an example error message.
2025-11-05 19:40:INFO    AT utils_logger.py:125: View the log output at C:\Users\sabri\projects\smart-store-sabri\project.log
2025-11-05 19:40:INFO    AT test_utils_logger.py:65: Smoke test message
2025-11-05 19:45:INFO    AT utils_logger.py:105: Logging to file: C:\Users\sabri\projects\smart-store-sabri\project.log
2025-11-05 19:45:INFO    AT demo_module_basics.py:90: Starting demo_python() function.
2025-11-05 19:45:INFO    AT demo_module_basics.py:37: Name Python files with lowercase and underscores.
2025-11-05 19:45:INFO    AT demo_module_basics.py:38: In Python, comments start with a '#' symbol and are not executed.
2025-11-05 19:45:INFO    AT demo_module_basics.py:39: Comments can also be wrapped in triple single quotes or triple backticks.
2025-11-05 19:45:INFO    AT demo_module_basics.py:43: Variables are used to store values.
2025-11-05 19:45:INFO    AT demo_module_basics.py:44: Type hints are optional but recommended for clarity.
2025-11-05 19:45:INFO    AT demo_module_basics.py:45:   example_number = 42
2025-11-05 19:45:INFO    AT demo_module_basics.py:46:   count: int = 42
2025-11-05 19:45:INFO    AT demo_module_basics.py:47:   temp_F: float = 42.2
2025-11-05 19:45:INFO    AT demo_module_basics.py:48:   user_name: str = "Data Analyst"
2025-11-05 19:45:INFO    AT demo_module_basics.py:54: Result: example_number=42, count=42, temp_f=42.2, user_name='Data Analyst'.
2025-11-05 19:45:INFO    AT demo_module_basics.py:58: Functions in Python are blocks of reusable code.
2025-11-05 19:45:INFO    AT demo_module_basics.py:59: You can call a function by using its name followed by parentheses.
2025-11-05 19:45:INFO    AT demo_module_basics.py:60: We use f-strings to combine text and values in Python.
2025-11-05 19:45:INFO    AT demo_module_basics.py:61:   Put the 'f' immediately before the opening quote of the string text.
2025-11-05 19:45:INFO    AT demo_module_basics.py:65: Python has many built-in functions, like min(), max(), and len().
2025-11-05 19:45:INFO    AT demo_module_basics.py:70: For the list of numbers: [1, 2, 3]
2025-11-05 19:45:INFO    AT demo_module_basics.py:71:   The minimum value is min(numbers): 1
2025-11-05 19:45:INFO    AT demo_module_basics.py:72:   The maximum value is max(numbers): 3
2025-11-05 19:45:INFO    AT demo_module_basics.py:73:   The length of the list is len(numbers): 3
2025-11-05 19:45:INFO    AT demo_module_basics.py:78: In Python, indentation matters = True!
2025-11-05 19:45:INFO    AT demo_module_basics.py:79: In Python, spelling matters = True!
2025-11-05 19:45:INFO    AT demo_module_basics.py:80: In Python, uppercase/lowercase matters = True!
2025-11-05 19:45:INFO    AT demo_module_basics.py:96: Experiment with this demo script to learn the basics quickly.
2025-11-05 19:45:INFO    AT demo_module_basics.py:97: Exiting demo_python() function.
2025-11-05 19:45:INFO    AT demo_module_stats.py:98: 
STATS SUMMARY
Scores (n=7): [3.5, 4.0, 4.8, 2.9, 3.7, 4.3, 3.8]
metric                 value
----------------------------
min                     2.90
max                     4.80
mean                    3.86
stdev                   0.60

2025-11-05 19:45:INFO    AT demo_module_languages.py:45: 
Greetings Professional Analyst:
English: Hello! Welcome to Python programming.
Spanish: Hola! Bienvenido a la programación en Python.
Mandarin: 你好! 欢迎学习Python编程.
French:  Bonjour! Bienvenue à la programmation Python.
German:  Hallo! Willkommen bei der Python-Programmierung.
Telugu:  హలో! Python ప్రోగ్రామింగ్‌లోకి స్వాగతం.
Norwegian: Hei! Velkommen til Python-programmering.
2025-11-05 19:45:INFO    AT utils_logger.py:116: This is an example info message.
2025-11-05 19:45:WARNING AT utils_logger.py:117: This is an example warning message.
2025-11-05 19:45:ERROR   AT utils_logger.py:118: This is an example error message.
2025-11-05 19:45:INFO    AT utils_logger.py:116: This is an example info message.
2025-11-05 19:45:WARNING AT utils_logger.py:117: This is an example warning message.
2025-11-05 19:45:ERROR   AT utils_logger.py:118: This is an example error message.
2025-11-05 19:45:INFO    AT utils_logger.py:125: View the log output at C:\Users\sabri\projects\smart-store-sabri\project.log
2025-11-05 19:45:INFO    AT test_utils_logger.py:65: Smoke test message
2025-11-05 20:08:INFO    AT utils_logger.py:105: Logging to file: C:\Users\sabri\projects\smart-store-sabri\project.log
2025-11-05 20:08:INFO    AT data_prep.py:52: Starting data preparation...
2025-11-05 20:08:INFO    AT data_prep.py:32: Reading raw data from C:\Users\sabri\projects\smart-store-sabri\data\raw\customers_data.csv.
2025-11-05 20:08:INFO    AT data_prep.py:35: customers_data.csv: loaded DataFrame with shape 201 rows x 6 cols
2025-11-05 20:10:INFO    AT utils_logger.py:105: Logging to file: C:\Users\sabri\projects\smart-store-sabri\project.log
2025-11-05 20:10:INFO    AT data_prep.py:60: Starting data preparation...
2025-11-05 20:10:INFO    AT data_prep.py:40: Reading raw data from C:\Users\sabri\projects\smart-store-sabri\data\raw\customers_data.csv.
2025-11-05 20:10:INFO    AT data_prep.py:43: customers_data.csv: loaded DataFrame with shape 201 rows x 6 cols
2025-11-05 20:10:INFO    AT data_prep.py:73: Saved cleaned customers data.
2025-11-05 20:10:INFO    AT data_prep.py:40: Reading raw data from C:\Users\sabri\projects\smart-store-sabri\data\raw\products_data.csv.
2025-11-05 20:10:INFO    AT data_prep.py:43: products_data.csv: loaded DataFrame with shape 100 rows x 6 cols
2025-11-05 20:10:INFO    AT data_prep.py:81: Saved cleaned products data.
2025-11-05 20:10:INFO    AT data_prep.py:40: Reading raw data from C:\Users\sabri\projects\smart-store-sabri\data\raw\sales_data.csv.
2025-11-05 20:10:INFO    AT data_prep.py:43: sales_data.csv: loaded DataFrame with shape 2001 rows x 9 cols
2025-11-05 20:10:INFO    AT data_prep.py:89: Saved cleaned sales data.
2025-11-05 20:10:INFO    AT data_prep.py:91: Data preparation complete.
2025-11-05 20:16:INFO    AT utils_logger.py:105: Logging to file: C:\Users\sabri\projects\smart-store-sabri\project.log
2025-11-05 20:16:INFO    AT data_prep.py:64: Starting data preparation...
2025-11-05 20:16:INFO    AT data_prep.py:44: Reading raw data from C:\Users\sabri\projects\smart-store-sabri\data\raw\customers_data.csv.
2025-11-05 20:16:INFO    AT data_prep.py:47: customers_data.csv: loaded DataFrame with shape 201 rows x 6 cols
2025-11-05 20:16:INFO    AT data_prep.py:78: Saved cleaned customers data.
2025-11-05 20:16:INFO    AT data_prep.py:44: Reading raw data from C:\Users\sabri\projects\smart-store-sabri\data\raw\products_data.csv.
2025-11-05 20:16:INFO    AT data_prep.py:47: products_data.csv: loaded DataFrame with shape 100 rows x 6 cols
2025-11-05 20:16:INFO    AT data_prep.py:87: Saved cleaned products data.
2025-11-05 20:16:INFO    AT data_prep.py:44: Reading raw data from C:\Users\sabri\projects\smart-store-sabri\data\raw\sales_data.csv.
2025-11-05 20:16:INFO    AT data_prep.py:47: sales_data.csv: loaded DataFrame with shape 2001 rows x 9 cols
2025-11-05 20:16:INFO    AT data_prep.py:96: Saved cleaned sales data.
2025-11-05 20:16:INFO    AT data_prep.py:98: Data preparation complete.
2025-11-05 21:00:INFO    AT utils_logger.py:105: Logging to file: C:\Users\sabri\projects\smart-store-sabri\project.log
2025-11-05 21:00:INFO    AT data_prep.py:64: Starting data preparation...
2025-11-05 21:00:INFO    AT data_prep.py:44: Reading raw data from C:\Users\sabri\projects\smart-store-sabri\data\raw\customers_data.csv.
2025-11-05 21:00:INFO    AT data_prep.py:47: customers_data.csv: loaded DataFrame with shape 201 rows x 6 cols
2025-11-05 21:00:INFO    AT data_prep.py:78: Saved cleaned customers data.
2025-11-05 21:00:INFO    AT data_prep.py:44: Reading raw data from C:\Users\sabri\projects\smart-store-sabri\data\raw\products_data.csv.
2025-11-05 21:00:INFO    AT data_prep.py:47: products_data.csv: loaded DataFrame with shape 100 rows x 6 cols
2025-11-05 21:00:INFO    AT data_prep.py:87: Saved cleaned products data.
2025-11-05 21:00:INFO    AT data_prep.py:44: Reading raw data from C:\Users\sabri\projects\smart-store-sabri\data\raw\sales_data.csv.
2025-11-05 21:00:INFO    AT data_prep.py:47: sales_data.csv: loaded DataFrame with shape 2001 rows x 9 cols
2025-11-05 21:00:INFO    AT data_prep.py:96: Saved cleaned sales data.
2025-11-05 21:00:INFO    AT data_prep.py:98: Data preparation complete.
2025-11-05 21:02:INFO    AT utils_logger.py:105: Logging to file: C:\Users\sabri\projects\smart-store-sabri\project.log
2025-11-05 21:02:INFO    AT data_prep.py:69: Starting data preparation...
2025-11-05 21:02:INFO    AT data_prep.py:49: Reading raw data from C:\Users\sabri\projects\smart-store-sabri\data\raw\customers_data.csv.
2025-11-05 21:02:INFO    AT data_prep.py:52: customers_data.csv: loaded DataFrame with shape 201 rows x 6 cols
2025-11-05 21:02:INFO    AT utils_logger.py:105: Logging to file: C:\Users\sabri\projects\smart-store-sabri\project.log
2025-11-05 21:02:INFO    AT data_prep.py:71: Starting data preparation...
2025-11-05 21:02:INFO    AT data_prep.py:51: Reading raw data from C:\Users\sabri\projects\smart-store-sabri\data\raw\customers_data.csv.
2025-11-05 21:02:INFO    AT data_prep.py:54: customers_data.csv: loaded DataFrame with shape 201 rows x 6 cols
2025-11-05 21:02:INFO    AT utils_logger.py:105: Logging to file: C:\Users\sabri\projects\smart-store-sabri\project.log
2025-11-05 21:02:INFO    AT data_prep.py:71: Starting data preparation...
2025-11-05 21:02:INFO    AT data_prep.py:51: Reading raw data from C:\Users\sabri\projects\smart-store-sabri\data\raw\customers_data.csv.
2025-11-05 21:02:INFO    AT data_prep.py:54: customers_data.csv: loaded DataFrame with shape 201 rows x 6 cols
2025-11-05 21:13:INFO    AT utils_logger.py:105: Logging to file: C:\Users\sabri\projects\smart-store-sabri\project.log
2025-11-05 21:13:INFO    AT data_prep.py:75: Starting data preparation...
2025-11-05 21:13:INFO    AT data_prep.py:62: Reading raw data from C:\Users\sabri\projects\smart-store-sabri\data\raw\customers_data.csv.
2025-11-05 21:13:INFO    AT data_prep.py:65: customers_data.csv: loaded DataFrame with shape 201 rows x 6 cols
2025-11-05 21:13:INFO    AT data_prep.py:92: Formatted name column: Name
2025-11-05 21:13:INFO    AT data_prep.py:95: Saved cleaned customers data.
2025-11-05 21:13:INFO    AT data_prep.py:62: Reading raw data from C:\Users\sabri\projects\smart-store-sabri\data\raw\products_data.csv.
2025-11-05 21:13:INFO    AT data_prep.py:65: products_data.csv: loaded DataFrame with shape 100 rows x 6 cols
2025-11-05 21:13:INFO    AT data_prep.py:104: Saved cleaned products data.
2025-11-05 21:13:INFO    AT data_prep.py:62: Reading raw data from C:\Users\sabri\projects\smart-store-sabri\data\raw\sales_data.csv.
2025-11-05 21:13:INFO    AT data_prep.py:65: sales_data.csv: loaded DataFrame with shape 2001 rows x 9 cols
2025-11-05 21:13:INFO    AT data_prep.py:113: Saved cleaned sales data.
2025-11-05 21:13:INFO    AT data_prep.py:115: Data preparation complete.
2025-11-05 21:32:INFO    AT utils_logger.py:105: Logging to file: C:\Users\sabri\projects\smart-store-sabri\project.log
2025-11-05 21:32:INFO    AT data_prep.py:192: Starting data preparation...
2025-11-05 21:32:INFO    AT data_prep.py:36: Reading raw data from C:\Users\sabri\projects\smart-store-sabri\data\raw\customers_data.csv.
2025-11-05 21:32:INFO    AT data_prep.py:38: customers_data.csv: loaded DataFrame with shape 201 rows x 6 cols
2025-11-05 21:32:INFO    AT data_prep.py:71: Formatted text column: Name
2025-11-05 21:32:INFO    AT data_prep.py:138: Saved cleaned customers data to C:\Users\sabri\projects\smart-store-sabri\data\prepared\customers_prepared.csv
2025-11-05 21:32:INFO    AT data_prep.py:36: Reading raw data from C:\Users\sabri\projects\smart-store-sabri\data\raw\products_data.csv.
2025-11-05 21:32:INFO    AT data_prep.py:38: products_data.csv: loaded DataFrame with shape 100 rows x 6 cols
2025-11-05 21:32:INFO    AT data_prep.py:71: Formatted text column: ProductName
2025-11-05 21:32:INFO    AT data_prep.py:60: Formatted text column: Category
2025-11-05 21:32:INFO    AT data_prep.py:162: Saved cleaned products data to C:\Users\sabri\projects\smart-store-sabri\data\prepared\products_prepared.csv
2025-11-05 21:32:INFO    AT data_prep.py:36: Reading raw data from C:\Users\sabri\projects\smart-store-sabri\data\raw\sales_data.csv.
2025-11-05 21:32:INFO    AT data_prep.py:38: sales_data.csv: loaded DataFrame with shape 2001 rows x 9 cols
2025-11-05 21:32:INFO    AT data_prep.py:93: [outliers] CustomerID: kept [890.00, 1306.00] | removed 1
2025-11-05 21:32:INFO    AT data_prep.py:185: Saved cleaned sales data to C:\Users\sabri\projects\smart-store-sabri\data\prepared\sales_prepared.csv
2025-11-05 21:32:INFO    AT data_prep.py:196: Data preparation complete.
2025-11-05 21:32:INFO    AT utils_logger.py:105: Logging to file: C:\Users\sabri\projects\smart-store-sabri\project.log
2025-11-05 21:32:INFO    AT data_prep.py:192: Starting data preparation...
2025-11-05 21:32:INFO    AT data_prep.py:36: Reading raw data from C:\Users\sabri\projects\smart-store-sabri\data\raw\customers_data.csv.
2025-11-05 21:32:INFO    AT data_prep.py:38: customers_data.csv: loaded DataFrame with shape 201 rows x 6 cols
2025-11-05 21:32:INFO    AT data_prep.py:71: Formatted text column: Name
2025-11-05 21:32:INFO    AT data_prep.py:138: Saved cleaned customers data to C:\Users\sabri\projects\smart-store-sabri\data\prepared\customers_prepared.csv
2025-11-05 21:32:INFO    AT data_prep.py:36: Reading raw data from C:\Users\sabri\projects\smart-store-sabri\data\raw\products_data.csv.
2025-11-05 21:32:INFO    AT data_prep.py:38: products_data.csv: loaded DataFrame with shape 100 rows x 6 cols
2025-11-05 21:32:INFO    AT data_prep.py:71: Formatted text column: ProductName
2025-11-05 21:32:INFO    AT data_prep.py:60: Formatted text column: Category
2025-11-05 21:32:INFO    AT data_prep.py:162: Saved cleaned products data to C:\Users\sabri\projects\smart-store-sabri\data\prepared\products_prepared.csv
2025-11-05 21:32:INFO    AT data_prep.py:36: Reading raw data from C:\Users\sabri\projects\smart-store-sabri\data\raw\sales_data.csv.
2025-11-05 21:32:INFO    AT data_prep.py:38: sales_data.csv: loaded DataFrame with shape 2001 rows x 9 cols
2025-11-05 21:32:INFO    AT data_prep.py:93: [outliers] CustomerID: kept [890.00, 1306.00] | removed 1
2025-11-05 21:32:INFO    AT data_prep.py:185: Saved cleaned sales data to C:\Users\sabri\projects\smart-store-sabri\data\prepared\sales_prepared.csv
2025-11-05 21:32:INFO    AT data_prep.py:196: Data preparation complete.
